TN:
SF:/Users/aleross/IdeaProjects/DashboardSDK/dist/sdk.js
FN:1,(anonymous_1)
FN:8,(anonymous_2)
FN:10,isValidJson
FN:23,debug
FN:31,validateCallbacks
FN:46,sendToParent
FN:57,receiveFromParent
FN:117,(anonymous_8)
FN:142,(anonymous_9)
FN:143,(anonymous_10)
FN:161,(anonymous_11)
FN:166,validate
FN:174,(anonymous_13)
FN:182,(anonymous_14)
FN:190,(anonymous_15)
FN:200,(anonymous_16)
FN:208,(anonymous_17)
FN:216,(anonymous_18)
FN:227,(anonymous_19)
FN:237,(anonymous_20)
FN:248,(anonymous_21)
FN:258,(anonymous_22)
FN:268,(anonymous_23)
FN:278,(anonymous_24)
FN:288,(anonymous_25)
FN:296,(anonymous_26)
FN:306,(anonymous_27)
FN:316,(anonymous_28)
FN:333,(anonymous_29)
FN:336,alias
FN:357,(anonymous_31)
FN:362,(anonymous_32)
FN:369,(anonymous_33)
FN:374,(anonymous_34)
FN:386,(anonymous_35)
FN:390,(anonymous_36)
FN:396,(anonymous_37)
FN:408,validate
FN:420,(anonymous_39)
FN:427,(anonymous_40)
FN:437,(anonymous_41)
FN:445,(anonymous_42)
FN:456,(anonymous_43)
FN:470,(anonymous_44)
FN:475,(anonymous_45)
FN:485,(anonymous_46)
FN:489,(anonymous_47)
FN:497,(anonymous_48)
FN:505,(anonymous_49)
FN:515,(anonymous_50)
FN:525,(anonymous_51)
FN:547,(anonymous_52)
FN:564,(anonymous_53)
FN:580,(anonymous_54)
FN:592,(anonymous_55)
FNF:55
FNH:5
FNDA:1,(anonymous_1)
FNDA:0,(anonymous_2)
FNDA:0,isValidJson
FNDA:0,debug
FNDA:0,validateCallbacks
FNDA:0,sendToParent
FNDA:0,receiveFromParent
FNDA:0,(anonymous_8)
FNDA:2,(anonymous_9)
FNDA:0,(anonymous_10)
FNDA:1,(anonymous_11)
FNDA:0,validate
FNDA:0,(anonymous_13)
FNDA:0,(anonymous_14)
FNDA:0,(anonymous_15)
FNDA:0,(anonymous_16)
FNDA:0,(anonymous_17)
FNDA:0,(anonymous_18)
FNDA:0,(anonymous_19)
FNDA:0,(anonymous_20)
FNDA:0,(anonymous_21)
FNDA:0,(anonymous_22)
FNDA:0,(anonymous_23)
FNDA:0,(anonymous_24)
FNDA:0,(anonymous_25)
FNDA:0,(anonymous_26)
FNDA:0,(anonymous_27)
FNDA:0,(anonymous_28)
FNDA:1,(anonymous_29)
FNDA:0,alias
FNDA:0,(anonymous_31)
FNDA:0,(anonymous_32)
FNDA:0,(anonymous_33)
FNDA:0,(anonymous_34)
FNDA:0,(anonymous_35)
FNDA:0,(anonymous_36)
FNDA:1,(anonymous_37)
FNDA:0,validate
FNDA:0,(anonymous_39)
FNDA:0,(anonymous_40)
FNDA:0,(anonymous_41)
FNDA:0,(anonymous_42)
FNDA:0,(anonymous_43)
FNDA:0,(anonymous_44)
FNDA:0,(anonymous_45)
FNDA:0,(anonymous_46)
FNDA:0,(anonymous_47)
FNDA:0,(anonymous_48)
FNDA:0,(anonymous_49)
FNDA:0,(anonymous_50)
FNDA:0,(anonymous_51)
FNDA:0,(anonymous_52)
FNDA:0,(anonymous_53)
FNDA:0,(anonymous_54)
FNDA:0,(anonymous_55)
DA:1,1
DA:4,1
DA:10,1
DA:11,0
DA:12,0
DA:13,0
DA:14,0
DA:17,0
DA:20,0
DA:23,1
DA:24,0
DA:25,0
DA:26,0
DA:31,1
DA:32,0
DA:33,0
DA:35,0
DA:38,0
DA:39,0
DA:41,0
DA:46,1
DA:47,0
DA:48,0
DA:49,0
DA:50,0
DA:52,0
DA:57,1
DA:58,0
DA:59,0
DA:62,0
DA:63,0
DA:64,0
DA:65,0
DA:66,0
DA:69,0
DA:74,0
DA:75,0
DA:77,0
DA:82,0
DA:83,0
DA:87,0
DA:100,1
DA:118,0
DA:119,0
DA:120,0
DA:121,0
DA:123,0
DA:127,0
DA:130,0
DA:131,0
DA:133,0
DA:143,2
DA:144,0
DA:147,0
DA:148,0
DA:150,0
DA:153,2
DA:158,1
DA:161,1
DA:164,1
DA:166,1
DA:167,0
DA:168,0
DA:172,1
DA:175,0
DA:183,0
DA:191,0
DA:192,0
DA:201,0
DA:209,0
DA:217,0
DA:218,0
DA:219,0
DA:228,0
DA:229,0
DA:238,0
DA:239,0
DA:240,0
DA:249,0
DA:250,0
DA:259,0
DA:260,0
DA:269,0
DA:270,0
DA:279,0
DA:280,0
DA:289,0
DA:297,0
DA:298,0
DA:307,0
DA:308,0
DA:317,0
DA:318,0
DA:330,1
DA:333,1
DA:336,1
DA:337,0
DA:338,0
DA:339,0
DA:340,0
DA:344,0
DA:351,1
DA:353,1
DA:357,1
DA:358,0
DA:361,0
DA:362,0
DA:365,0
DA:369,0
DA:370,0
DA:371,0
DA:374,0
DA:375,0
DA:376,0
DA:381,0
DA:382,0
DA:386,1
DA:387,0
DA:390,1
DA:391,0
DA:396,1
DA:399,1
DA:408,1
DA:409,0
DA:410,0
DA:418,1
DA:421,0
DA:428,0
DA:429,0
DA:438,0
DA:441,0
DA:444,0
DA:445,0
DA:448,0
DA:449,0
DA:452,0
DA:457,0
DA:458,0
DA:459,0
DA:462,0
DA:463,0
DA:471,0
DA:472,0
DA:476,0
DA:477,0
DA:478,0
DA:486,0
DA:490,0
DA:498,0
DA:506,0
DA:507,0
DA:516,0
DA:517,0
DA:526,0
DA:527,0
DA:548,0
DA:549,0
DA:565,0
DA:581,0
DA:592,1
DA:593,0
DA:594,0
LF:162
LH:28
BRDA:4,1,0,1
BRDA:4,1,1,1
BRDA:13,2,0,0
BRDA:13,2,1,0
BRDA:13,3,0,0
BRDA:13,3,1,0
BRDA:13,3,2,0
BRDA:24,4,0,0
BRDA:24,4,1,0
BRDA:32,5,0,0
BRDA:32,5,1,0
BRDA:32,6,0,0
BRDA:32,6,1,0
BRDA:35,7,0,0
BRDA:35,7,1,0
BRDA:38,8,0,0
BRDA:38,8,1,0
BRDA:38,9,0,0
BRDA:38,9,1,0
BRDA:41,10,0,0
BRDA:41,10,1,0
BRDA:58,11,0,0
BRDA:58,11,1,0
BRDA:62,12,0,0
BRDA:62,12,1,0
BRDA:62,13,0,0
BRDA:62,13,1,0
BRDA:64,14,0,0
BRDA:64,14,1,0
BRDA:65,15,0,0
BRDA:65,15,1,0
BRDA:69,16,0,0
BRDA:69,16,1,0
BRDA:74,17,0,0
BRDA:74,17,1,0
BRDA:82,18,0,0
BRDA:82,18,1,0
BRDA:118,19,0,0
BRDA:118,19,1,0
BRDA:123,20,0,0
BRDA:123,20,1,0
BRDA:167,21,0,0
BRDA:167,21,1,0
BRDA:167,22,0,0
BRDA:167,22,1,0
BRDA:167,22,2,0
BRDA:167,22,3,0
BRDA:339,23,0,0
BRDA:339,23,1,0
BRDA:351,24,0,1
BRDA:351,24,1,0
BRDA:409,25,0,0
BRDA:409,25,1,0
BRDA:409,26,0,0
BRDA:409,26,1,0
BRDA:444,27,0,0
BRDA:444,27,1,0
BRDA:457,28,0,0
BRDA:457,28,1,0
BRDA:462,29,0,0
BRDA:462,29,1,0
BRDA:477,30,0,0
BRDA:477,30,1,0
BRF:63
BRH:3
end_of_record
